Build started 2016-05-21 23:09:36.
     1>Project "C:\Users\Gruby\Documents\Visual Studio 2015\Projects\PracaMagisterska\UnitTests\UnitTests.vcxproj" on node 2 (Rebuild target(s)).
     1>ClCompile:
         C:\Program Files (x86)\Microsoft Visual Studio 14.0\VC\bin\CL.exe /c /I"C:\Program Files (x86)\Microsoft Visual Studio 14.0\VC\UnitTest\include" /ZI /nologo /W3 /WX- /Od /Oy- /D WIN32 /D _DEBUG /D _WINDLL /D _UNICODE /D UNICODE /Gm /EHsc /RTC1 /MDd /GS /fp:precise /Zc:wchar_t /Zc:forScope /Zc:inline /Yc"stdafx.h" /Fp"Debug\UnitTests.pch" /Fo"Debug\\" /Fd"Debug\vc140.pdb" /Gd /TP /analyze- /FC /errorReport:prompt stdafx.cpp
         stdafx.cpp
     1>c:\users\gruby\documents\visual studio 2015\projects\pracamagisterska\lib\stringmanager.h(88): warning C4018: '<': signed/unsigned mismatch
     1>c:\users\gruby\documents\visual studio 2015\projects\pracamagisterska\lib\stringmanager.h(113): warning C4018: '<': signed/unsigned mismatch
     1>c:\users\gruby\documents\visual studio 2015\projects\pracamagisterska\lib\number.h(126): warning C4018: '<': signed/unsigned mismatch
     1>c:\users\gruby\documents\visual studio 2015\projects\pracamagisterska\lib\number.h(142): warning C4800: 'int': forcing value to bool 'true' or 'false' (performance warning)
     1>c:\users\gruby\documents\visual studio 2015\projects\pracamagisterska\lib\polynomial.h(107): warning C4018: '<': signed/unsigned mismatch
     1>c:\users\gruby\documents\visual studio 2015\projects\pracamagisterska\lib\polynomial.h(285): warning C4018: '<': signed/unsigned mismatch
     1>c:\users\gruby\documents\visual studio 2015\projects\pracamagisterska\lib\polynomial.h(294): warning C4018: '<': signed/unsigned mismatch
     1>c:\users\gruby\documents\visual studio 2015\projects\pracamagisterska\lib\polynomial.h(320): warning C4018: '<': signed/unsigned mismatch
     1>c:\users\gruby\documents\visual studio 2015\projects\pracamagisterska\lib\polynomialmap.h(253): warning C4018: '<': signed/unsigned mismatch
         C:\Program Files (x86)\Microsoft Visual Studio 14.0\VC\bin\CL.exe /c /I"C:\Program Files (x86)\Microsoft Visual Studio 14.0\VC\UnitTest\include" /ZI /nologo /W3 /WX- /Od /Oy- /D WIN32 /D _DEBUG /D _WINDLL /D _UNICODE /D UNICODE /Gm /EHsc /RTC1 /MDd /GS /fp:precise /Zc:wchar_t /Zc:forScope /Zc:inline /Yu"stdafx.h" /Fp"Debug\UnitTests.pch" /Fo"Debug\\" /Fd"Debug\vc140.pdb" /Gd /TP /analyze- /FC /errorReport:prompt ParserConvertUnitTests.cpp PolynomialAfterEliminationUnitTests.cpp PolynomialDerivativeUnitTests.cpp PolynomialDivOperatorUnitTests.cpp PolynomialModOperatorUnitTests.cpp PolynomialMulOperatorUnitTests.cpp PolynomialNumberOfRoots.cpp PolynomialRoots.cpp PolynomialSubOperatorUnitTests.cpp PolynomialSumOperatorUnitTests.cpp PolynomialValueUnitTests.cpp ParserUniformUnitTests.cpp
         ParserUniformUnitTests.cpp
     1>c:\users\gruby\documents\visual studio 2015\projects\pracamagisterska\lib\polynomialvector.h(305): warning C4018: '<': signed/unsigned mismatch
     1>c:\users\gruby\documents\visual studio 2015\projects\pracamagisterska\lib\parser.h(60): warning C4018: '<': signed/unsigned mismatch
     1>c:\users\gruby\documents\visual studio 2015\projects\pracamagisterska\lib\parser.h(132): warning C4018: '<': signed/unsigned mismatch
     1>c:\users\gruby\documents\visual studio 2015\projects\pracamagisterska\lib\parser.h(196): warning C4018: '<': signed/unsigned mismatch
         PolynomialValueUnitTests.cpp
     1>c:\users\gruby\documents\visual studio 2015\projects\pracamagisterska\lib\polynomialvector.h(305): warning C4018: '<': signed/unsigned mismatch
     1>c:\users\gruby\documents\visual studio 2015\projects\pracamagisterska\lib\parser.h(60): warning C4018: '<': signed/unsigned mismatch
     1>c:\users\gruby\documents\visual studio 2015\projects\pracamagisterska\lib\parser.h(132): warning C4018: '<': signed/unsigned mismatch
     1>c:\users\gruby\documents\visual studio 2015\projects\pracamagisterska\lib\parser.h(196): warning C4018: '<': signed/unsigned mismatch
         PolynomialSumOperatorUnitTests.cpp
     1>c:\users\gruby\documents\visual studio 2015\projects\pracamagisterska\lib\polynomialvector.h(305): warning C4018: '<': signed/unsigned mismatch
     1>c:\users\gruby\documents\visual studio 2015\projects\pracamagisterska\lib\parser.h(60): warning C4018: '<': signed/unsigned mismatch
     1>c:\users\gruby\documents\visual studio 2015\projects\pracamagisterska\lib\parser.h(132): warning C4018: '<': signed/unsigned mismatch
     1>c:\users\gruby\documents\visual studio 2015\projects\pracamagisterska\lib\parser.h(196): warning C4018: '<': signed/unsigned mismatch
         PolynomialSubOperatorUnitTests.cpp
     1>c:\users\gruby\documents\visual studio 2015\projects\pracamagisterska\lib\polynomialvector.h(305): warning C4018: '<': signed/unsigned mismatch
     1>c:\users\gruby\documents\visual studio 2015\projects\pracamagisterska\lib\parser.h(60): warning C4018: '<': signed/unsigned mismatch
     1>c:\users\gruby\documents\visual studio 2015\projects\pracamagisterska\lib\parser.h(132): warning C4018: '<': signed/unsigned mismatch
     1>c:\users\gruby\documents\visual studio 2015\projects\pracamagisterska\lib\parser.h(196): warning C4018: '<': signed/unsigned mismatch
         PolynomialRoots.cpp
     1>c:\users\gruby\documents\visual studio 2015\projects\pracamagisterska\lib\polynomialvector.h(305): warning C4018: '<': signed/unsigned mismatch
     1>c:\users\gruby\documents\visual studio 2015\projects\pracamagisterska\lib\parser.h(60): warning C4018: '<': signed/unsigned mismatch
     1>c:\users\gruby\documents\visual studio 2015\projects\pracamagisterska\lib\parser.h(132): warning C4018: '<': signed/unsigned mismatch
     1>c:\users\gruby\documents\visual studio 2015\projects\pracamagisterska\lib\parser.h(196): warning C4018: '<': signed/unsigned mismatch
     1>c:\users\gruby\documents\visual studio 2015\projects\pracamagisterska\unittests\polynomialroots.cpp(31): warning C4018: '<': signed/unsigned mismatch
     1>c:\users\gruby\documents\visual studio 2015\projects\pracamagisterska\unittests\polynomialroots.cpp(33): warning C4018: '<': signed/unsigned mismatch
         PolynomialNumberOfRoots.cpp
     1>c:\users\gruby\documents\visual studio 2015\projects\pracamagisterska\lib\polynomialvector.h(305): warning C4018: '<': signed/unsigned mismatch
     1>c:\users\gruby\documents\visual studio 2015\projects\pracamagisterska\lib\parser.h(60): warning C4018: '<': signed/unsigned mismatch
     1>c:\users\gruby\documents\visual studio 2015\projects\pracamagisterska\lib\parser.h(132): warning C4018: '<': signed/unsigned mismatch
     1>c:\users\gruby\documents\visual studio 2015\projects\pracamagisterska\lib\parser.h(196): warning C4018: '<': signed/unsigned mismatch
         PolynomialMulOperatorUnitTests.cpp
     1>c:\users\gruby\documents\visual studio 2015\projects\pracamagisterska\lib\polynomialvector.h(305): warning C4018: '<': signed/unsigned mismatch
     1>c:\users\gruby\documents\visual studio 2015\projects\pracamagisterska\lib\parser.h(60): warning C4018: '<': signed/unsigned mismatch
     1>c:\users\gruby\documents\visual studio 2015\projects\pracamagisterska\lib\parser.h(132): warning C4018: '<': signed/unsigned mismatch
     1>c:\users\gruby\documents\visual studio 2015\projects\pracamagisterska\lib\parser.h(196): warning C4018: '<': signed/unsigned mismatch
         PolynomialModOperatorUnitTests.cpp
     1>c:\users\gruby\documents\visual studio 2015\projects\pracamagisterska\lib\polynomialvector.h(305): warning C4018: '<': signed/unsigned mismatch
     1>c:\users\gruby\documents\visual studio 2015\projects\pracamagisterska\lib\parser.h(60): warning C4018: '<': signed/unsigned mismatch
     1>c:\users\gruby\documents\visual studio 2015\projects\pracamagisterska\lib\parser.h(132): warning C4018: '<': signed/unsigned mismatch
     1>c:\users\gruby\documents\visual studio 2015\projects\pracamagisterska\lib\parser.h(196): warning C4018: '<': signed/unsigned mismatch
         PolynomialDivOperatorUnitTests.cpp
     1>c:\users\gruby\documents\visual studio 2015\projects\pracamagisterska\lib\polynomialvector.h(305): warning C4018: '<': signed/unsigned mismatch
     1>c:\users\gruby\documents\visual studio 2015\projects\pracamagisterska\lib\parser.h(60): warning C4018: '<': signed/unsigned mismatch
     1>c:\users\gruby\documents\visual studio 2015\projects\pracamagisterska\lib\parser.h(132): warning C4018: '<': signed/unsigned mismatch
     1>c:\users\gruby\documents\visual studio 2015\projects\pracamagisterska\lib\parser.h(196): warning C4018: '<': signed/unsigned mismatch
         PolynomialDerivativeUnitTests.cpp
     1>c:\users\gruby\documents\visual studio 2015\projects\pracamagisterska\lib\polynomialvector.h(305): warning C4018: '<': signed/unsigned mismatch
     1>c:\users\gruby\documents\visual studio 2015\projects\pracamagisterska\lib\parser.h(60): warning C4018: '<': signed/unsigned mismatch
     1>c:\users\gruby\documents\visual studio 2015\projects\pracamagisterska\lib\parser.h(132): warning C4018: '<': signed/unsigned mismatch
     1>c:\users\gruby\documents\visual studio 2015\projects\pracamagisterska\lib\parser.h(196): warning C4018: '<': signed/unsigned mismatch
         PolynomialAfterEliminationUnitTests.cpp
     1>c:\users\gruby\documents\visual studio 2015\projects\pracamagisterska\lib\polynomialvector.h(305): warning C4018: '<': signed/unsigned mismatch
     1>c:\users\gruby\documents\visual studio 2015\projects\pracamagisterska\lib\parser.h(60): warning C4018: '<': signed/unsigned mismatch
     1>c:\users\gruby\documents\visual studio 2015\projects\pracamagisterska\lib\parser.h(132): warning C4018: '<': signed/unsigned mismatch
     1>c:\users\gruby\documents\visual studio 2015\projects\pracamagisterska\lib\parser.h(196): warning C4018: '<': signed/unsigned mismatch
         ParserConvertUnitTests.cpp
     1>c:\users\gruby\documents\visual studio 2015\projects\pracamagisterska\lib\polynomialvector.h(305): warning C4018: '<': signed/unsigned mismatch
     1>c:\users\gruby\documents\visual studio 2015\projects\pracamagisterska\lib\parser.h(60): warning C4018: '<': signed/unsigned mismatch
     1>c:\users\gruby\documents\visual studio 2015\projects\pracamagisterska\lib\parser.h(132): warning C4018: '<': signed/unsigned mismatch
     1>c:\users\gruby\documents\visual studio 2015\projects\pracamagisterska\lib\parser.h(196): warning C4018: '<': signed/unsigned mismatch
         Generating Code...
       Link:
         C:\Program Files (x86)\Microsoft Visual Studio 14.0\VC\bin\link.exe /ERRORREPORT:PROMPT /OUT:"C:\Users\Gruby\Documents\Visual Studio 2015\Projects\PracaMagisterska\Debug\UnitTests.dll" /INCREMENTAL /NOLOGO /LIBPATH:"C:\Program Files (x86)\Microsoft Visual Studio 14.0\VC\UnitTest\lib" kernel32.lib user32.lib gdi32.lib winspool.lib comdlg32.lib advapi32.lib shell32.lib ole32.lib oleaut32.lib uuid.lib odbc32.lib odbccp32.lib /MANIFEST /MANIFESTUAC:"level='asInvoker' uiAccess='false'" /manifest:embed /Debug /PDB:"C:\Users\Gruby\Documents\Visual Studio 2015\Projects\PracaMagisterska\Debug\UnitTests.pdb" /SUBSYSTEM:WINDOWS /TLBID:1 /DYNAMICBASE /NXCOMPAT /IMPLIB:"C:\Users\Gruby\Documents\Visual Studio 2015\Projects\PracaMagisterska\Debug\UnitTests.lib" /MACHINE:X86 /DLL Debug\ParserConvertUnitTests.obj
         Debug\PolynomialAfterEliminationUnitTests.obj
         Debug\PolynomialDerivativeUnitTests.obj
         Debug\PolynomialDivOperatorUnitTests.obj
         Debug\PolynomialModOperatorUnitTests.obj
         Debug\PolynomialMulOperatorUnitTests.obj
         Debug\PolynomialNumberOfRoots.obj
         Debug\PolynomialRoots.obj
         Debug\PolynomialSubOperatorUnitTests.obj
         Debug\PolynomialSumOperatorUnitTests.obj
         Debug\PolynomialValueUnitTests.obj
         Debug\stdafx.obj
         Debug\ParserUniformUnitTests.obj
            Creating library C:\Users\Gruby\Documents\Visual Studio 2015\Projects\PracaMagisterska\Debug\UnitTests.lib and object C:\Users\Gruby\Documents\Visual Studio 2015\Projects\PracaMagisterska\Debug\UnitTests.exp
     1>PolynomialSubOperatorUnitTests.obj : error LNK2019: unresolved external symbol ___gmpq_add referenced in function "public: __thiscall std::_Compressed_pair<struct std::_Wrap_alloc<class std::allocator<char> >,class std::_String_val<struct std::_Simple_types<char> >,1>::_Compressed_pair<struct std::_Wrap_alloc<class std::allocator<char> >,class std::_String_val<struct std::_Simple_types<char> >,1><class std::allocator<char> const &>(struct std::_One_then_variadic_args_t,class std::allocator<char> const &)" (??$?0ABV?$allocator@D@std@@$$V@?$_Compressed_pair@U?$_Wrap_alloc@V?$allocator@D@std@@@std@@V?$_String_val@U?$_Simple_types@D@std@@@2@$00@std@@QAE@U_One_then_variadic_args_t@1@ABV?$allocator@D@1@@Z)
     1>PolynomialSumOperatorUnitTests.obj : error LNK2001: unresolved external symbol ___gmpq_add
     1>PolynomialValueUnitTests.obj : error LNK2001: unresolved external symbol ___gmpq_add
     1>PolynomialModOperatorUnitTests.obj : error LNK2001: unresolved external symbol ___gmpq_add
     1>PolynomialMulOperatorUnitTests.obj : error LNK2001: unresolved external symbol ___gmpq_add
     1>PolynomialNumberOfRoots.obj : error LNK2001: unresolved external symbol ___gmpq_add
     1>PolynomialRoots.obj : error LNK2001: unresolved external symbol ___gmpq_add
     1>ParserConvertUnitTests.obj : error LNK2001: unresolved external symbol ___gmpq_add
     1>PolynomialAfterEliminationUnitTests.obj : error LNK2001: unresolved external symbol ___gmpq_add
     1>PolynomialDerivativeUnitTests.obj : error LNK2001: unresolved external symbol ___gmpq_add
     1>PolynomialDivOperatorUnitTests.obj : error LNK2001: unresolved external symbol ___gmpq_add
     1>PolynomialSubOperatorUnitTests.obj : error LNK2019: unresolved external symbol ___gmpq_cmp referenced in function "public: void __thiscall std::_Wrap_alloc<class std::allocator<wchar_t> >::destroy<wchar_t *>(wchar_t * *)" (??$destroy@PA_W@?$_Wrap_alloc@V?$allocator@_W@std@@@std@@QAEXPAPA_W@Z)
     1>PolynomialSumOperatorUnitTests.obj : error LNK2001: unresolved external symbol ___gmpq_cmp
     1>PolynomialValueUnitTests.obj : error LNK2001: unresolved external symbol ___gmpq_cmp
     1>PolynomialModOperatorUnitTests.obj : error LNK2001: unresolved external symbol ___gmpq_cmp
     1>PolynomialMulOperatorUnitTests.obj : error LNK2001: unresolved external symbol ___gmpq_cmp
     1>PolynomialNumberOfRoots.obj : error LNK2001: unresolved external symbol ___gmpq_cmp
     1>PolynomialRoots.obj : error LNK2001: unresolved external symbol ___gmpq_cmp
     1>ParserConvertUnitTests.obj : error LNK2001: unresolved external symbol ___gmpq_cmp
     1>PolynomialAfterEliminationUnitTests.obj : error LNK2001: unresolved external symbol ___gmpq_cmp
     1>PolynomialDerivativeUnitTests.obj : error LNK2001: unresolved external symbol ___gmpq_cmp
     1>PolynomialDivOperatorUnitTests.obj : error LNK2001: unresolved external symbol ___gmpq_cmp
     1>PolynomialSubOperatorUnitTests.obj : error LNK2001: unresolved external symbol ___gmpq_div
     1>PolynomialSumOperatorUnitTests.obj : error LNK2001: unresolved external symbol ___gmpq_div
     1>PolynomialValueUnitTests.obj : error LNK2001: unresolved external symbol ___gmpq_div
     1>PolynomialModOperatorUnitTests.obj : error LNK2001: unresolved external symbol ___gmpq_div
     1>PolynomialMulOperatorUnitTests.obj : error LNK2001: unresolved external symbol ___gmpq_div
     1>PolynomialNumberOfRoots.obj : error LNK2001: unresolved external symbol ___gmpq_div
     1>PolynomialRoots.obj : error LNK2001: unresolved external symbol ___gmpq_div
     1>ParserConvertUnitTests.obj : error LNK2001: unresolved external symbol ___gmpq_div
     1>PolynomialAfterEliminationUnitTests.obj : error LNK2001: unresolved external symbol ___gmpq_div
     1>PolynomialDerivativeUnitTests.obj : error LNK2001: unresolved external symbol ___gmpq_div
     1>PolynomialDivOperatorUnitTests.obj : error LNK2001: unresolved external symbol ___gmpq_div
     1>PolynomialSubOperatorUnitTests.obj : error LNK2019: unresolved external symbol ___gmpq_init referenced in function "public: void __thiscall std::_Wrap_alloc<class std::allocator<char> >::destroy<char *>(char * *)" (??$destroy@PAD@?$_Wrap_alloc@V?$allocator@D@std@@@std@@QAEXPAPAD@Z)
     1>PolynomialSumOperatorUnitTests.obj : error LNK2001: unresolved external symbol ___gmpq_init
     1>PolynomialValueUnitTests.obj : error LNK2001: unresolved external symbol ___gmpq_init
     1>PolynomialModOperatorUnitTests.obj : error LNK2001: unresolved external symbol ___gmpq_init
     1>PolynomialMulOperatorUnitTests.obj : error LNK2001: unresolved external symbol ___gmpq_init
     1>PolynomialNumberOfRoots.obj : error LNK2001: unresolved external symbol ___gmpq_init
     1>PolynomialRoots.obj : error LNK2001: unresolved external symbol ___gmpq_init
     1>ParserConvertUnitTests.obj : error LNK2001: unresolved external symbol ___gmpq_init
     1>PolynomialAfterEliminationUnitTests.obj : error LNK2001: unresolved external symbol ___gmpq_init
     1>PolynomialDerivativeUnitTests.obj : error LNK2001: unresolved external symbol ___gmpq_init
     1>PolynomialDivOperatorUnitTests.obj : error LNK2001: unresolved external symbol ___gmpq_init
     1>PolynomialSubOperatorUnitTests.obj : error LNK2001: unresolved external symbol ___gmpq_mul
     1>PolynomialSumOperatorUnitTests.obj : error LNK2001: unresolved external symbol ___gmpq_mul
     1>PolynomialValueUnitTests.obj : error LNK2001: unresolved external symbol ___gmpq_mul
     1>PolynomialModOperatorUnitTests.obj : error LNK2001: unresolved external symbol ___gmpq_mul
     1>PolynomialMulOperatorUnitTests.obj : error LNK2001: unresolved external symbol ___gmpq_mul
     1>PolynomialNumberOfRoots.obj : error LNK2001: unresolved external symbol ___gmpq_mul
     1>PolynomialRoots.obj : error LNK2001: unresolved external symbol ___gmpq_mul
     1>ParserConvertUnitTests.obj : error LNK2001: unresolved external symbol ___gmpq_mul
     1>PolynomialAfterEliminationUnitTests.obj : error LNK2001: unresolved external symbol ___gmpq_mul
     1>PolynomialDerivativeUnitTests.obj : error LNK2001: unresolved external symbol ___gmpq_mul
     1>PolynomialDivOperatorUnitTests.obj : error LNK2001: unresolved external symbol ___gmpq_mul
     1>PolynomialSubOperatorUnitTests.obj : error LNK2019: unresolved external symbol ___gmpq_set referenced in function "public: void __thiscall std::_Wrap_alloc<class std::allocator<char> >::construct<char *,char * &>(char * *,char * &)" (??$construct@PADAAPAD@?$_Wrap_alloc@V?$allocator@D@std@@@std@@QAEXPAPADAAPAD@Z)
     1>PolynomialSumOperatorUnitTests.obj : error LNK2001: unresolved external symbol ___gmpq_set
     1>PolynomialValueUnitTests.obj : error LNK2001: unresolved external symbol ___gmpq_set
     1>PolynomialModOperatorUnitTests.obj : error LNK2001: unresolved external symbol ___gmpq_set
     1>PolynomialMulOperatorUnitTests.obj : error LNK2001: unresolved external symbol ___gmpq_set
     1>PolynomialNumberOfRoots.obj : error LNK2001: unresolved external symbol ___gmpq_set
     1>PolynomialRoots.obj : error LNK2001: unresolved external symbol ___gmpq_set
     1>ParserConvertUnitTests.obj : error LNK2001: unresolved external symbol ___gmpq_set
     1>PolynomialAfterEliminationUnitTests.obj : error LNK2001: unresolved external symbol ___gmpq_set
     1>PolynomialDerivativeUnitTests.obj : error LNK2001: unresolved external symbol ___gmpq_set
     1>PolynomialDivOperatorUnitTests.obj : error LNK2001: unresolved external symbol ___gmpq_set
     1>PolynomialSubOperatorUnitTests.obj : error LNK2019: unresolved external symbol ___gmpq_set_d referenced in function "public: void __thiscall std::_Wrap_alloc<class std::allocator<char> >::construct<char *,char * &>(char * *,char * &)" (??$construct@PADAAPAD@?$_Wrap_alloc@V?$allocator@D@std@@@std@@QAEXPAPADAAPAD@Z)
     1>PolynomialSumOperatorUnitTests.obj : error LNK2001: unresolved external symbol ___gmpq_set_d
     1>PolynomialValueUnitTests.obj : error LNK2001: unresolved external symbol ___gmpq_set_d
     1>PolynomialModOperatorUnitTests.obj : error LNK2001: unresolved external symbol ___gmpq_set_d
     1>PolynomialMulOperatorUnitTests.obj : error LNK2001: unresolved external symbol ___gmpq_set_d
     1>PolynomialNumberOfRoots.obj : error LNK2001: unresolved external symbol ___gmpq_set_d
     1>PolynomialRoots.obj : error LNK2001: unresolved external symbol ___gmpq_set_d
     1>ParserConvertUnitTests.obj : error LNK2001: unresolved external symbol ___gmpq_set_d
     1>PolynomialAfterEliminationUnitTests.obj : error LNK2001: unresolved external symbol ___gmpq_set_d
     1>PolynomialDerivativeUnitTests.obj : error LNK2001: unresolved external symbol ___gmpq_set_d
     1>PolynomialDivOperatorUnitTests.obj : error LNK2001: unresolved external symbol ___gmpq_set_d
     1>PolynomialRoots.obj : error LNK2019: unresolved external symbol ___gmpq_sub referenced in function "public: class Number __thiscall Number::operator-(class Number)" (??GNumber@@QAE?AV0@V0@@Z)
     1>C:\Users\Gruby\Documents\Visual Studio 2015\Projects\PracaMagisterska\Debug\UnitTests.dll : fatal error LNK1120: 8 unresolved externals
     1>Done Building Project "C:\Users\Gruby\Documents\Visual Studio 2015\Projects\PracaMagisterska\UnitTests\UnitTests.vcxproj" (Rebuild target(s)) -- FAILED.

Build FAILED.

Time Elapsed 00:00:05.19
